================================================================================
Appcelerator Titanium Diagnostics Build Log
The contents of this file are useful to send to Appcelerator Support if
reporting an issue to help us understand your environment, build settings
and aid in debugging. Please attach this log to any issue that you report.
================================================================================

Starting build at 07/06/12 16:13

Build details:

   timestamp=05/30/12 10:21
   module_apiversion=2
   version=2.0.2
   githash=2ff31a3


Script arguments:
   /Users/clathrop/Library/Application Support/Titanium/mobilesdk/osx/2.0.2.GA/iphone/builder.py
   simulator
   5.1
   /Users/clathrop/Documents/Titanium Studio Workspace/Shopping List
   com.appcelerator.shoppinglist
   Shopping List
   universal
   iphone
   

Building from: /Users/clathrop/Library/Application Support/Titanium/mobilesdk/osx/2.0.2.GA/iphone
Platform: Darwin Kernel Version 11.4.0: Mon Apr  9 19:32:15 PDT 2012; root:xnu-1699.26.8~1/RELEASE_X86_64

Xcode path is: /Applications/Xcode.app/Contents/Developer


githash=2ff31a3, existing_git_hash=2ff31a3
writing contents of /Users/clathrop/Documents/Titanium Studio Workspace/Shopping List/build/iphone/project.xcconfig:

TI_VERSION=2.0.2.GA
TI_SDK_DIR=/Users/clathrop/Library/Application Support/Titanium/mobilesdk/osx/$(TI_VERSION)/iphone
TI_APPID=com.appcelerator.shoppinglist
OTHER_LDFLAGS[sdk=iphoneos*]=$(inherited) -weak_framework iAd
OTHER_LDFLAGS[sdk=iphonesimulator*]=$(inherited) -weak_framework iAd
#include "module"

old contents


Generated the following stylecode code:

<?xml version="1.0" encoding="UTF-8"?>
<!DOCTYPE plist PUBLIC "-//Apple//DTD PLIST 1.0//EN" "http://www.apple.com/DTDs/PropertyList-1.0.dtd">
<plist version="1.0">
	<dict>
		<key>classes</key>
		<dict>
</dict>

		<key>classes_density</key>
		<dict>
</dict>

		<key>ids</key>
		<dict>
</dict>

		<key>ids_density</key>
		<dict>
</dict>

		<key>tags</key>
		<dict>
</dict>

		<key>tags_density</key>
		<dict>
</dict>

	</dict>
</plist>
Finishing build

Exception detected in script:
Traceback (most recent call last):
  File "/Users/clathrop/Library/Application Support/Titanium/mobilesdk/osx/2.0.2.GA/iphone/builder.py", line 1396, in main
    os.system(command%xcodeselectpath)
  File "/Users/clathrop/Library/Application Support/Titanium/mobilesdk/osx/2.0.2.GA/iphone/builder.py", line 1355, in handler
    kill_simulator()
  File "/Users/clathrop/Library/Application Support/Titanium/mobilesdk/osx/2.0.2.GA/iphone/builder.py", line 77, in kill_simulator
    run.run(['/usr/bin/killall',"iPhone Simulator"],True)
  File "/Users/clathrop/Library/Application Support/Titanium/mobilesdk/osx/2.0.2.GA/iphone/run.py", line 8, in run
    sys.stdout.flush()
IOError: [Errno 32] Broken pipe
